<?xml version="1.0" encoding="UTF-8"?>
<testng-results ignored="0" total="4" passed="2" failed="2" skipped="0">
  <reporter-output>
  </reporter-output>
  <suite started-at="2025-09-11T11:25:49 IST" name="Default suite" finished-at="2025-09-11T11:27:13 IST" duration-ms="84970">
    <groups>
      <group name="cucumber">
        <method signature="AbstractTestNGCucumberTests.runScenario(io.cucumber.testng.PickleWrapper,io.cucumber.testng.FeatureWrapper)[pri:0, instance:com.runner.TestRunnerTestNG@24313fcc]" name="runScenario" class="io.cucumber.testng.AbstractTestNGCucumberTests"/>
      </group> <!-- cucumber -->
    </groups>
    <test started-at="2025-09-11T11:25:49 IST" name="Default test" finished-at="2025-09-11T11:27:13 IST" duration-ms="84970">
      <class name="com.runner.TestRunnerTestNG">
        <test-method is-config="true" signature="setUpClass(org.testng.ITestContext)[pri:0, instance:com.runner.TestRunnerTestNG@24313fcc]" started-at="2025-09-11T11:25:49 IST" name="setUpClass" finished-at="2025-09-11T11:25:58 IST" duration-ms="9262" status="PASS">
          <params>
            <param index="0">
              <value>
                <![CDATA[org.testng.TestRunner@2349f14d]]>
              </value>
            </param>
          </params>
          <reporter-output>
          </reporter-output>
        </test-method> <!-- setUpClass -->
        <test-method signature="runScenario(io.cucumber.testng.PickleWrapper,io.cucumber.testng.FeatureWrapper)[pri:0, instance:com.runner.TestRunnerTestNG@24313fcc]" started-at="2025-09-11T11:25:58 IST" name="runScenario" description="Runs Cucumber Scenarios" data-provider="scenarios" finished-at="2025-09-11T11:25:58 IST" duration-ms="182" status="PASS">
          <params>
            <param index="0">
              <value>
                <![CDATA["Get the details of the property and owner successfully"]]>
              </value>
            </param>
            <param index="1">
              <value>
                <![CDATA["Test Buying a property"]]>
              </value>
            </param>
          </params>
          <reporter-output>
          </reporter-output>
        </test-method> <!-- runScenario -->
        <test-method signature="runScenario(io.cucumber.testng.PickleWrapper,io.cucumber.testng.FeatureWrapper)[pri:0, instance:com.runner.TestRunnerTestNG@24313fcc]" started-at="2025-09-11T11:25:58 IST" name="runScenario" description="Runs Cucumber Scenarios" data-provider="scenarios" finished-at="2025-09-11T11:27:03 IST" duration-ms="65002" status="PASS">
          <params>
            <param index="0">
              <value>
                <![CDATA["Valid user login successfully"]]>
              </value>
            </param>
            <param index="1">
              <value>
                <![CDATA["Test Buying a property"]]>
              </value>
            </param>
          </params>
          <reporter-output>
          </reporter-output>
        </test-method> <!-- runScenario -->
        <test-method signature="runScenario(io.cucumber.testng.PickleWrapper,io.cucumber.testng.FeatureWrapper)[pri:0, instance:com.runner.TestRunnerTestNG@24313fcc]" started-at="2025-09-11T11:27:03 IST" name="runScenario" description="Runs Cucumber Scenarios" data-provider="scenarios" finished-at="2025-09-11T11:27:11 IST" duration-ms="7618" status="FAIL">
          <params>
            <param index="0">
              <value>
                <![CDATA["Search and validate property listings by location"]]>
              </value>
            </param>
            <param index="1">
              <value>
                <![CDATA["Magicbricks Property Search"]]>
              </value>
            </param>
          </params>
          <exception class="java.lang.AssertionError">
            <message>
              <![CDATA[User not redirected to listing page or Sort By dropdown not visible expected [true] but found [false]]]>
            </message>
            <full-stacktrace>
              <![CDATA[java.lang.AssertionError: User not redirected to listing page or Sort By dropdown not visible expected [true] but found [false]
at org.testng.Assert.fail(Assert.java:111)
at org.testng.Assert.failNotEquals(Assert.java:1590)
at org.testng.Assert.assertTrue(Assert.java:57)
at com.stepDefinition.searchHome.the_user_should_be_redirected_to_the_property_listing_page(searchHome.java:53)
at ✽.the user should be redirected to the property listing page(file:///C:/Users/vijay/eclipse-workspace/magicbricks_website_testing/src/test/resources/Feartures/searchHome.feature:11)
]]>
            </full-stacktrace>
          </exception> <!-- java.lang.AssertionError -->
          <reporter-output>
          </reporter-output>
        </test-method> <!-- runScenario -->
        <test-method signature="runScenario(io.cucumber.testng.PickleWrapper,io.cucumber.testng.FeatureWrapper)[pri:0, instance:com.runner.TestRunnerTestNG@24313fcc]" started-at="2025-09-11T11:27:11 IST" name="runScenario" description="Runs Cucumber Scenarios" data-provider="scenarios" finished-at="2025-09-11T11:27:13 IST" duration-ms="2476" status="FAIL">
          <params>
            <param index="0">
              <value>
                <![CDATA["Verify shortlisting a property from the listing results"]]>
              </value>
            </param>
            <param index="1">
              <value>
                <![CDATA["Shortlist property from listing page"]]>
              </value>
            </param>
          </params>
          <exception class="java.lang.AssertionError">
            <message>
              <![CDATA[Failed to shortlist the first property from the listing. expected [true] but found [false]]]>
            </message>
            <full-stacktrace>
              <![CDATA[java.lang.AssertionError: Failed to shortlist the first property from the listing. expected [true] but found [false]
at org.testng.Assert.fail(Assert.java:111)
at org.testng.Assert.failNotEquals(Assert.java:1590)
at org.testng.Assert.assertTrue(Assert.java:57)
at com.stepDefinition.shortlistProperty.i_shortlist_the_first_property_from_the_listing(shortlistProperty.java:30)
at ✽.I shortlist the first property from the listing(file:///C:/Users/vijay/eclipse-workspace/magicbricks_website_testing/src/test/resources/Feartures/shortlistProperty.feature:8)
]]>
            </full-stacktrace>
          </exception> <!-- java.lang.AssertionError -->
          <reporter-output>
          </reporter-output>
        </test-method> <!-- runScenario -->
        <test-method is-config="true" signature="tearDownClass()[pri:0, instance:com.runner.TestRunnerTestNG@24313fcc]" started-at="2025-09-11T11:27:13 IST" name="tearDownClass" finished-at="2025-09-11T11:27:13 IST" duration-ms="373" status="PASS">
          <reporter-output>
          </reporter-output>
        </test-method> <!-- tearDownClass -->
      </class> <!-- com.runner.TestRunnerTestNG -->
    </test> <!-- Default test -->
  </suite> <!-- Default suite -->
</testng-results>
